-------------------------------------------------------------------------------
Test set: br.com.gomes.rosetta.RosettaApplicationTests
-------------------------------------------------------------------------------
Tests run: 1, Failures: 0, Errors: 1, Skipped: 0, Time elapsed: 0.62 s <<< FAILURE! - in br.com.gomes.rosetta.RosettaApplicationTests
br.com.gomes.rosetta.RosettaApplicationTests  Time elapsed: 0.616 s  <<< ERROR!
java.lang.IllegalStateException: Unable to find a @SpringBootConfiguration, you need to use @ContextConfiguration or @SpringBootTest(classes=...) with your test

